0 info it worked if it ends with ok
1 verbose cli [ '/usr/local/bin/node/bin/node',
1 verbose cli   '/home/cole/.node_modules_global/bin/npm',
1 verbose cli   'run',
1 verbose cli   'start' ]
2 info using npm@4.0.5
3 info using node@v6.9.2
4 verbose run-script [ 'prestart', 'start', 'poststart' ]
5 info lifecycle database@1.0.0~prestart: database@1.0.0
6 warn lifecycle The node binary used for scripts is /usr/local/bin/node but npm is using /usr/local/bin/node/bin/node itself. Use the `--scripts-prepend-node-path` option to include the path for the node binary npm was executed with.
7 silly lifecycle database@1.0.0~prestart: no script for prestart, continuing
8 info lifecycle database@1.0.0~start: database@1.0.0
9 verbose lifecycle database@1.0.0~start: unsafe-perm in lifecycle true
10 verbose lifecycle database@1.0.0~start: PATH: /home/cole/.node_modules_global/lib/node_modules/npm/bin/node-gyp-bin:/home/cole/coding/hab2017/database/node_modules/.bin:/home/cole/.node_modules_global/bin:/usr/local/sbin:/usr/local/bin:/usr/sbin:/usr/bin:/sbin:/bin:/usr/games:/usr/local/games:/usr/local/bin/node/bin
11 verbose lifecycle database@1.0.0~start: CWD: /home/cole/coding/hab2017/database
12 silly lifecycle database@1.0.0~start: Args: [ '-c', 'node start' ]
13 silly lifecycle database@1.0.0~start: Returned: code: 1  signal: null
14 info lifecycle database@1.0.0~start: Failed to exec start script
15 verbose stack Error: database@1.0.0 start: `node start`
15 verbose stack Exit status 1
15 verbose stack     at EventEmitter.<anonymous> (/home/cole/.node_modules_global/lib/node_modules/npm/lib/utils/lifecycle.js:279:16)
15 verbose stack     at emitTwo (events.js:106:13)
15 verbose stack     at EventEmitter.emit (events.js:191:7)
15 verbose stack     at ChildProcess.<anonymous> (/home/cole/.node_modules_global/lib/node_modules/npm/lib/utils/spawn.js:40:14)
15 verbose stack     at emitTwo (events.js:106:13)
15 verbose stack     at ChildProcess.emit (events.js:191:7)
15 verbose stack     at maybeClose (internal/child_process.js:877:16)
15 verbose stack     at Process.ChildProcess._handle.onexit (internal/child_process.js:226:5)
16 verbose pkgid database@1.0.0
17 verbose cwd /home/cole/coding/hab2017/database
18 error Linux 4.4.0-21-generic
19 error argv "/usr/local/bin/node/bin/node" "/home/cole/.node_modules_global/bin/npm" "run" "start"
20 error node v6.9.2
21 error npm  v4.0.5
22 error code ELIFECYCLE
23 error database@1.0.0 start: `node start`
23 error Exit status 1
24 error Failed at the database@1.0.0 start script 'node start'.
24 error Make sure you have the latest version of node.js and npm installed.
24 error If you do, this is most likely a problem with the database package,
24 error not with npm itself.
24 error Tell the author that this fails on your system:
24 error     node start
24 error You can get information on how to open an issue for this project with:
24 error     npm bugs database
24 error Or if that isn't available, you can get their info via:
24 error     npm owner ls database
24 error There is likely additional logging output above.
25 verbose exit [ 1, true ]
